# Logfile created on Mon May 02 12:25:08 +0100 2011 by logger.rb/22285
I, [2011-05-02T12:25:08.597763 #10686]  INFO -- : Creating Bot
I, [2011-05-02T12:25:08.599074 #10686]  INFO -- : Connecting to IRC Server
I, [2011-05-02T12:25:08.599694 #10686]  INFO -- : Creating Connection
I, [2011-05-02T12:25:08.906032 #10686]  INFO -- : Sending Identification
I, [2011-05-02T12:25:08.906653 #10686]  INFO -- : Sending: USER Paily-dev arcath.net bla :yaib-bot
I, [2011-05-02T12:25:08.907339 #10686]  INFO -- : Sending: NICK Paily-dev
I, [2011-05-02T12:25:08.907875 #10686]  INFO -- : Getting Response
I, [2011-05-02T12:25:09.113914 #10686]  INFO -- : Received: :zelazny.freenode.net NOTICE * :*** Looking up your hostname...

I, [2011-05-02T12:25:09.321887 #10686]  INFO -- : Received: :zelazny.freenode.net NOTICE * :*** Checking Ident

I, [2011-05-02T12:25:09.569873 #10686]  INFO -- : Received: :zelazny.freenode.net NOTICE * :*** No Ident response

I, [2011-05-02T12:25:10.089873 #10686]  INFO -- : Received: :zelazny.freenode.net NOTICE * :*** Found your hostname

I, [2011-05-02T12:25:10.094163 #10686]  INFO -- : Setting nickname variable
I, [2011-05-02T12:25:10.094709 #10686]  INFO -- : Created new responder
I, [2011-05-02T12:25:10.095115 #10686]  INFO -- : Created new responder
I, [2011-05-02T12:25:10.095504 #10686]  INFO -- : Created new responder
I, [2011-05-02T12:25:10.095852 #10686]  INFO -- : Joining Channels
I, [2011-05-02T12:25:10.096298 #10686]  INFO -- : Joining #pailytest
I, [2011-05-02T12:25:10.096703 #10686]  INFO -- : Sending: JOIN #pailytest
I, [2011-05-02T12:25:10.097195 #10686]  INFO -- : Recieved: =3.0 :are supported by this server
:zelazny.freenode.net 251 Paily-dev :There are 354 users and 62427 invisible on 29 servers
:zelazny.freenode.net 252 Paily-dev 31 :IRC Operators online
:zelazny.freenode.net 253 Paily-dev 4 :unknown connection(s)
:zelazny.freenode.net 254 Paily-dev 39190 :channels formed
:zelazny.freenode.net 255 Paily-dev :I have 4106 clients and 1 servers
:zelazny.freenode.net 265 Paily-dev 4106 5748 :Current local users 4106, max 5748
:zelazny.freenode.net 266 Paily-dev 62781 725
I, [2011-05-02T12:25:10.097630 #10686]  INFO -- : Recieved: 82 :Current global users 62781, max 72582
:zelazny.freenode.net 250 Paily-dev :Highest connection count: 5749 (5748 clients) (467881 connections received)
:zelazny.freenode.net 375 Paily-dev :- zelazny.freenode.net Message of the Day - 
:zelazny.freenode.net 372 Paily-dev :- Welcome to zelazny.freenode.net in Corvallis, Oregon, US. 
:zelazny.freenode.net 372 Paily-dev :- Our thanks to Oregon State University for sponsoring this
:zelazny.freenode.net 372 Paily-dev :- server!
:zelazny.freenode.net 372 P
I, [2011-05-02T12:25:10.098049 #10686]  INFO -- : Recieved: aily-dev :-  
:zelazny.freenode.net 372 Paily-dev :- ZELAZNY, ROGER JOSEPH [1937-1995].  Roger Zelazny was a
:zelazny.freenode.net 372 Paily-dev :- leading light in the New Wave of science fiction.  He began
:zelazny.freenode.net 372 Paily-dev :- writing in 1962.  Known for such works as This Immortal,
:zelazny.freenode.net 372 Paily-dev :- Lord of Light, The Dream Master and the Amber books,
:zelazny.freenode.net 372 Paily-dev :- Zelazny is best known for his idiomatic American
:zelazny.freen
I, [2011-05-02T12:25:10.098520 #10686]  INFO -- : Recieved: ode.net 372 Paily-dev :- protagonists, embodying the mythological figures of the
:zelazny.freenode.net 372 Paily-dev :- Trickster and the Hero of a Thousand Faces.
:zelazny.freenode.net 372 Paily-dev :-  
:zelazny.freenode.net 372 Paily-dev :- You're using freenode, a service of Peer-Directed Projects
:zelazny.freenode.net 372 Paily-dev :- Center Ltd (http://freenode.net/pdpc.shtml).
:zelazny.freenode.net 372 Paily-dev :-  
:zelazny.freenode.net 372 Paily-dev :- PDPC's 2011 fundraiser launched on 14th
I, [2011-05-02T12:25:10.098907 #10686]  INFO -- : Recieved:  February 2011. We would 
:zelazny.freenode.net 372 Paily-dev :- like to invite all users of freenode to get involved in the fun
:zelazny.freenode.net 372 Paily-dev :- of our Valentine-themed fundraiser launch - see 
:zelazny.freenode.net 372 Paily-dev :- http://freenode.net/pdpc_valentine.shtml for more!
:zelazny.freenode.net 372 Paily-dev :-  
:zelazny.freenode.net 372 Paily-dev :- On the subject of fundraisers, we'd like to thank our donors, 
:zelazny.freenode.net 372 Paily-dev :- hardware and band
I, [2011-05-02T12:25:10.099365 #10686]  INFO -- : Recieved: with sponsors and especially  The Gallery 
:zelazny.freenode.net 372 Paily-dev :- Project (http://gallery.menalto.com/) and our corporate sponsor 
:zelazny.freenode.net 372 Paily-dev :- Canonical Ltd (http://www.canonical.com) for the generous 
:zelazny.freenode.net 372 Paily-dev :- support.
:zelazny.freenode.net 372 Paily-dev :-  
:zelazny.freenode.net 372 Paily-dev :- By connecting to freenode you indicate that you have read
:zelazny.freenode.net 372 Paily-dev :- and agree to adhere to our policies 
I, [2011-05-02T12:25:10.099749 #10686]  INFO -- : Recieved: and procedures as per
:zelazny.freenode.net 372 Paily-dev :- the website (http://freenode.net). We would like to remind
:zelazny.freenode.net 372 Paily-dev :- you that unauthorized public logging of channels on the
:zelazny.freenode.net 372 Paily-dev :- network is prohibited. Public channel logging should only
:zelazny.freenode.net 372 Paily-dev :- take place where the channel owner(s) has requested this
:zelazny.freenode.net 372 Paily-dev :- and users of the channel are all made aware (if you are
:ze
I, [2011-05-02T12:25:10.100154 #10686]  INFO -- : Recieved: lazny.freenode.net 372 Paily-dev :- publically logging your channel, you may wish to keep a
:zelazny.freenode.net 372 Paily-dev :- notice in topic and perhaps as a on-join message).
:zelazny.freenode.net 372 Paily-dev :-  
:zelazny.freenode.net 372 Paily-dev :- By registering your nickname with Nickserv you agree that you
:zelazny.freenode.net 372 Paily-dev :- are 13 years of age, or older. For more information about the
:zelazny.freenode.net 372 Paily-dev :- Children's Online Privacy Protection Act pl
I, [2011-05-02T12:25:10.100558 #10686]  INFO -- : Recieved: ease see their
:zelazny.freenode.net 372 Paily-dev :- website at (http://www.coppa.org).
:zelazny.freenode.net 372 Paily-dev :-  
:zelazny.freenode.net 372 Paily-dev :- freenode runs an open proxy scanner. Your use of the network
:zelazny.freenode.net 372 Paily-dev :- indicates your acceptance of this policy. For details on
:zelazny.freenode.net 372 Paily-dev :- freenode network policy, please take a look at our policy
:zelazny.freenode.net 372 Paily-dev :- page (http:/
I, [2011-05-02T12:25:10.302207 #10686]  INFO -- : Recieved: /freenode.net/policy.shtml). Thank you for using
:zelazny.freenode.net 372 Paily-dev :- the network!
:zelazny.freenode.net 372 Paily-dev :-  
:zelazny.freenode.net 372 Paily-dev :- Don't forget to check out these other Peer-Directed Projects:
:zelazny.freenode.net 372 Paily-dev :- FOSSCON [http://www.fosscon.org] and fossevents 
:zelazny.freenode.net 372 Paily-dev :- [http://www.fossevents.org], and soon we'll repeat last years 
:zelazny.freenode.net 372 Paily-dev :- success with Picnics for Geeks acr
I, [2011-05-02T12:25:10.302686 #10686]  INFO -- : Recieved: oss the globe, more info at 
:zelazny.freenode.net 372 Paily-dev :- [http://geeknic.org]
:zelazny.freenode.net 372 Paily-dev :-  
:zelazny.freenode.net 372 Paily-dev :- freenode is a service of Peer-Directed Projects Center Ltd,
:zelazny.freenode.net 372 Paily-dev :- a not for profit organisation registered in England and Wales.
:zelazny.freenode.net 372 Paily-dev :-  
:zelazny.freenode.net 372 Paily-dev :- If you support the work we do and wish to donate to the PDPC, 
:zelazny.freenode.net 372 Paily
I, [2011-05-02T12:25:10.303039 #10686]  INFO -- : Recieved: -dev :- you may do so over at http://freenode.net/pdpc_donations.shtml
:zelazny.freenode.net 372 Paily-dev :-  
:zelazny.freenode.net 372 Paily-dev :- Thank you for using freenode!
:zelazny.freenode.net 372 Paily-dev :-  
:zelazny.freenode.net 372 Paily-dev :- ***************************************************************
:zelazny.freenode.net 372 Paily-dev :- Please read http://blog.freenode.net/2010/11/be-safe-out-there/
:zelazny.freenode.net 372 Paily-dev :- ***************************************
I, [2011-05-02T12:25:10.303402 #10686]  INFO -- : Recieved: ************************
:zelazny.freenode.net 376 Paily-dev :End of /MOTD command.
:Paily-dev MODE Paily-dev :+i

I, [2011-05-02T12:25:13.105705 #10686]  INFO -- : Recieved: :Paily-dev!~Paily-dev@hornby43.demon.co.uk JOIN :#pailytest

I, [2011-05-02T12:25:13.357730 #10686]  INFO -- : Recieved: :zelazny.freenode.net 353 Paily-dev @ #pailytest :Paily-dev Arcath
:zelazny.freenode.net 366 Paily-dev #pailytest :End of /NAMES list.

I, [2011-05-02T12:25:23.889280 #10686]  INFO -- : Recieved: :Arcath!~arcath@hornby43.demon.co.uk PRIVMSG #pailytest :Paily: what is 1+1

I, [2011-05-02T12:25:24.464946 #10686]  INFO -- : Sending: PRIVMSG #pailytest :2
I, [2011-05-02T12:25:29.385050 #10686]  INFO -- : Recieved: :Arcath!~arcath@hornby43.demon.co.uk PRIVMSG #pailytest :Paily: what is 9**9

I, [2011-05-02T12:25:29.393696 #10686]  INFO -- : Sending: PRIVMSG #pailytest :387420489
I, [2011-05-02T12:25:37.832719 #10686]  INFO -- : Recieved: :Arcath!~arcath@hornby43.demon.co.uk PRIVMSG #pailytest :Paily: what is 9^9

I, [2011-05-02T12:25:37.839595 #10686]  INFO -- : Sending: PRIVMSG #pailytest :387420489
